# JRE version: OpenJDK Runtime Environment Temurin-21.0.8+9 (21.0.8+9) (build 21.0.8+9-LTS)
# Java VM: OpenJDK 64-Bit Server VM Temurin-21.0.8+9 (21.0.8+9-LTS, mixed mode, sharing, tiered, compressed oops, compressed class ptrs, parallel gc, windows-amd64)
GC Precious Log:
 CardTable entry size: 512
 CPUs: 4 total, 4 available
 Memory: 8058M
 Large Page Support: Disabled
 NUMA Support: Disabled
 Compressed Oops: Enabled (32-bit)
 Alignments: Space 512K, Generation 512K, Heap 2M
 Heap Min Capacity: 100M
 Heap Initial Capacity: 100M
 Heap Max Capacity: 2G
 Pre-touch: Disabled
 Parallel Workers: 4
Heap:
 PSYoungGen      total 4608K, used 1184K [0x00000000d5580000, 0x00000000d5b00000, 0x0000000100000000)
  eden space 4096K, 25% used [0x00000000d5580000,0x00000000d5680270,0x00000000d5980000)
  from space 512K, 31% used [0x00000000d5a80000,0x00000000d5aa8000,0x00000000d5b00000)
  to   space 512K, 0% used [0x00000000d5a00000,0x00000000d5a00000,0x00000000d5a80000)
 ParOldGen       total 953856K, used 380796K [0x0000000080000000, 0x00000000ba380000, 0x00000000d5580000)
  object space 953856K, 39% used [0x0000000080000000,0x00000000973df000,0x00000000ba380000)
 Metaspace       used 96066K, committed 98048K, reserved 1179648K
  class space    used 9953K, committed 10816K, reserved 1048576K
GC Heap History (20 events):
Event: 87441.449 GC heap before
{Heap before GC invocations=3730 (full 5):
 PSYoungGen      total 4608K, used 4255K [0x00000000d5580000, 0x00000000d5b00000, 0x0000000100000000)
  eden space 4096K, 99% used [0x00000000d5580000,0x00000000d597fff0,0x00000000d5980000)
  from space 512K, 31% used [0x00000000d5a80000,0x00000000d5aa8000,0x00000000d5b00000)
  to   space 512K, 0% used [0x00000000d5a00000,0x00000000d5a00000,0x00000000d5a80000)
 ParOldGen       total 953856K, used 380147K [0x0000000080000000, 0x00000000ba380000, 0x00000000d5580000)
  object space 953856K, 39% used [0x0000000080000000,0x000000009733cfa0,0x00000000ba380000)
 Metaspace       used 96013K, committed 97984K, reserved 1179648K
  class space    used 9953K, committed 10816K, reserved 1048576K
}
Event: 87441.455 GC heap after
{Heap after GC invocations=3730 (full 5):
 PSYoungGen      total 4608K, used 256K [0x00000000d5580000, 0x00000000d5b00000, 0x0000000100000000)
  eden space 4096K, 0% used [0x00000000d5580000,0x00000000d5580000,0x00000000d5980000)
  from space 512K, 50% used [0x00000000d5a00000,0x00000000d5a40020,0x00000000d5a80000)
  to   space 512K, 0% used [0x00000000d5a80000,0x00000000d5a80000,0x00000000d5b00000)
 ParOldGen       total 953856K, used 380227K [0x0000000080000000, 0x00000000ba380000, 0x00000000d5580000)
  object space 953856K, 39% used [0x0000000080000000,0x0000000097350fa0,0x00000000ba380000)
 Metaspace       used 96013K, committed 97984K, reserved 1179648K
  class space    used 9953K, committed 10816K, reserved 1048576K
}
Event: 87442.741 GC heap before
{Heap before GC invocations=3731 (full 5):
 PSYoungGen      total 4608K, used 4352K [0x00000000d5580000, 0x00000000d5b00000, 0x0000000100000000)
  eden space 4096K, 100% used [0x00000000d5580000,0x00000000d5980000,0x00000000d5980000)
  from space 512K, 50% used [0x00000000d5a00000,0x00000000d5a40020,0x00000000d5a80000)
  to   space 512K, 0% used [0x00000000d5a80000,0x00000000d5a80000,0x00000000d5b00000)
 ParOldGen       total 953856K, used 380227K [0x0000000080000000, 0x00000000ba380000, 0x00000000d5580000)
  object space 953856K, 39% used [0x0000000080000000,0x0000000097350fa0,0x00000000ba380000)
 Metaspace       used 96019K, committed 97984K, reserved 1179648K
  class space    used 9953K, committed 10816K, reserved 1048576K
}
Event: 87442.745 GC heap after
{Heap after GC invocations=3731 (full 5):
 PSYoungGen      total 4608K, used 192K [0x00000000d5580000, 0x00000000d5b00000, 0x0000000100000000)
  eden space 4096K, 0% used [0x00000000d5580000,0x00000000d5580000,0x00000000d5980000)
  from space 512K, 37% used [0x00000000d5a80000,0x00000000d5ab0000,0x00000000d5b00000)
  to   space 512K, 0% used [0x00000000d5a00000,0x00000000d5a00000,0x00000000d5a80000)
 ParOldGen       total 953856K, used 380331K [0x0000000080000000, 0x00000000ba380000, 0x00000000d5580000)
  object space 953856K, 39% used [0x0000000080000000,0x000000009736afd0,0x00000000ba380000)
 Metaspace       used 96019K, committed 97984K, reserved 1179648K
  class space    used 9953K, committed 10816K, reserved 1048576K
}
Event: 87445.191 GC heap before
{Heap before GC invocations=3732 (full 5):
 PSYoungGen      total 4608K, used 4288K [0x00000000d5580000, 0x00000000d5b00000, 0x0000000100000000)
  eden space 4096K, 100% used [0x00000000d5580000,0x00000000d5980000,0x00000000d5980000)
  from space 512K, 37% used [0x00000000d5a80000,0x00000000d5ab0000,0x00000000d5b00000)
  to   space 512K, 0% used [0x00000000d5a00000,0x00000000d5a00000,0x00000000d5a80000)
 ParOldGen       total 953856K, used 380331K [0x0000000080000000, 0x00000000ba380000, 0x00000000d5580000)
  object space 953856K, 39% used [0x0000000080000000,0x000000009736afd0,0x00000000ba380000)
 Metaspace       used 96020K, committed 97984K, reserved 1179648K
  class space    used 9953K, committed 10816K, reserved 1048576K
}
Event: 87445.196 GC heap after
{Heap after GC invocations=3732 (full 5):
 PSYoungGen      total 4608K, used 224K [0x00000000d5580000, 0x00000000d5b00000, 0x0000000100000000)
  eden space 4096K, 0% used [0x00000000d5580000,0x00000000d5580000,0x00000000d5980000)
  from space 512K, 43% used [0x00000000d5a00000,0x00000000d5a38000,0x00000000d5a80000)
  to   space 512K, 0% used [0x00000000d5a80000,0x00000000d5a80000,0x00000000d5b00000)
 ParOldGen       total 953856K, used 380363K [0x0000000080000000, 0x00000000ba380000, 0x00000000d5580000)
  object space 953856K, 39% used [0x0000000080000000,0x0000000097372fd0,0x00000000ba380000)
 Metaspace       used 96020K, committed 97984K, reserved 1179648K
  class space    used 9953K, committed 10816K, reserved 1048576K
}
Event: 87452.483 GC heap before
{Heap before GC invocations=3733 (full 5):
 PSYoungGen      total 4608K, used 4319K [0x00000000d5580000, 0x00000000d5b00000, 0x0000000100000000)
  eden space 4096K, 99% used [0x00000000d5580000,0x00000000d597ff70,0x00000000d5980000)
  from space 512K, 43% used [0x00000000d5a00000,0x00000000d5a38000,0x00000000d5a80000)
  to   space 512K, 0% used [0x00000000d5a80000,0x00000000d5a80000,0x00000000d5b00000)
 ParOldGen       total 953856K, used 380363K [0x0000000080000000, 0x00000000ba380000, 0x00000000d5580000)
  object space 953856K, 39% used [0x0000000080000000,0x0000000097372fd0,0x00000000ba380000)
 Metaspace       used 96020K, committed 97984K, reserved 1179648K
  class space    used 9953K, committed 10816K, reserved 1048576K
}
Event: 87452.491 GC heap after
{Heap after GC invocations=3733 (full 5):
 PSYoungGen      total 4608K, used 288K [0x00000000d5580000, 0x00000000d5b00000, 0x0000000100000000)
  eden space 4096K, 0% used [0x00000000d5580000,0x00000000d5580000,0x00000000d5980000)
  from space 512K, 56% used [0x00000000d5a80000,0x00000000d5ac8020,0x00000000d5b00000)
  to   space 512K, 0% used [0x00000000d5a00000,0x00000000d5a00000,0x00000000d5a80000)
 ParOldGen       total 953856K, used 380395K [0x0000000080000000, 0x00000000ba380000, 0x00000000d5580000)
  object space 953856K, 39% used [0x0000000080000000,0x000000009737afd0,0x00000000ba380000)
 Metaspace       used 96020K, committed 97984K, reserved 1179648K
  class space    used 9953K, committed 10816K, reserved 1048576K
}
Event: 87455.992 GC heap before
{Heap before GC invocations=3734 (full 5):
 PSYoungGen      total 4608K, used 4384K [0x00000000d5580000, 0x00000000d5b00000, 0x0000000100000000)
  eden space 4096K, 100% used [0x00000000d5580000,0x00000000d5980000,0x00000000d5980000)
  from space 512K, 56% used [0x00000000d5a80000,0x00000000d5ac8020,0x00000000d5b00000)
  to   space 512K, 0% used [0x00000000d5a00000,0x00000000d5a00000,0x00000000d5a80000)
 ParOldGen       total 953856K, used 380395K [0x0000000080000000, 0x00000000ba380000, 0x00000000d5580000)
  object space 953856K, 39% used [0x0000000080000000,0x000000009737afd0,0x00000000ba380000)
 Metaspace       used 96029K, committed 97984K, reserved 1179648K
  class space    used 9953K, committed 10816K, reserved 1048576K
}
Event: 87455.999 GC heap after
{Heap after GC invocations=3734 (full 5):
 PSYoungGen      total 4608K, used 192K [0x00000000d5580000, 0x00000000d5b00000, 0x0000000100000000)
  eden space 4096K, 0% used [0x00000000d5580000,0x00000000d5580000,0x00000000d5980000)
  from space 512K, 37% used [0x00000000d5a00000,0x00000000d5a30000,0x00000000d5a80000)
  to   space 512K, 0% used [0x00000000d5a80000,0x00000000d5a80000,0x00000000d5b00000)
 ParOldGen       total 953856K, used 380548K [0x0000000080000000, 0x00000000ba380000, 0x00000000d5580000)
  object space 953856K, 39% used [0x0000000080000000,0x00000000973a1000,0x00000000ba380000)
 Metaspace       used 96029K, committed 97984K, reserved 1179648K
  class space    used 9953K, committed 10816K, reserved 1048576K
}
Event: 87466.692 GC heap before
{Heap before GC invocations=3735 (full 5):
 PSYoungGen      total 4608K, used 4288K [0x00000000d5580000, 0x00000000d5b00000, 0x0000000100000000)
  eden space 4096K, 100% used [0x00000000d5580000,0x00000000d5980000,0x00000000d5980000)
  from space 512K, 37% used [0x00000000d5a00000,0x00000000d5a30000,0x00000000d5a80000)
  to   space 512K, 0% used [0x00000000d5a80000,0x00000000d5a80000,0x00000000d5b00000)
 ParOldGen       total 953856K, used 380548K [0x0000000080000000, 0x00000000ba380000, 0x00000000d5580000)
  object space 953856K, 39% used [0x0000000080000000,0x00000000973a1000,0x00000000ba380000)
 Metaspace       used 96036K, committed 98048K, reserved 1179648K
  class space    used 9953K, committed 10816K, reserved 1048576K
}
Event: 87466.702 GC heap after
{Heap after GC invocations=3735 (full 5):
 PSYoungGen      total 4608K, used 128K [0x00000000d5580000, 0x00000000d5b00000, 0x0000000100000000)
  eden space 4096K, 0% used [0x00000000d5580000,0x00000000d5580000,0x00000000d5980000)
  from space 512K, 25% used [0x00000000d5a80000,0x00000000d5aa0000,0x00000000d5b00000)
  to   space 512K, 0% used [0x00000000d5a00000,0x00000000d5a00000,0x00000000d5a80000)
 ParOldGen       total 953856K, used 380628K [0x0000000080000000, 0x00000000ba380000, 0x00000000d5580000)
  object space 953856K, 39% used [0x0000000080000000,0x00000000973b5000,0x00000000ba380000)
 Metaspace       used 96036K, committed 98048K, reserved 1179648K
  class space    used 9953K, committed 10816K, reserved 1048576K
}
Event: 87467.176 GC heap before
{Heap before GC invocations=3736 (full 5):
 PSYoungGen      total 4608K, used 4224K [0x00000000d5580000, 0x00000000d5b00000, 0x0000000100000000)
  eden space 4096K, 100% used [0x00000000d5580000,0x00000000d5980000,0x00000000d5980000)
  from space 512K, 25% used [0x00000000d5a80000,0x00000000d5aa0000,0x00000000d5b00000)
  to   space 512K, 0% used [0x00000000d5a00000,0x00000000d5a00000,0x00000000d5a80000)
 ParOldGen       total 953856K, used 380628K [0x0000000080000000, 0x00000000ba380000, 0x00000000d5580000)
  object space 953856K, 39% used [0x0000000080000000,0x00000000973b5000,0x00000000ba380000)
 Metaspace       used 96037K, committed 98048K, reserved 1179648K
  class space    used 9953K, committed 10816K, reserved 1048576K
}
Event: 87467.181 GC heap after
{Heap after GC invocations=3736 (full 5):
 PSYoungGen      total 4608K, used 224K [0x00000000d5580000, 0x00000000d5b00000, 0x0000000100000000)
  eden space 4096K, 0% used [0x00000000d5580000,0x00000000d5580000,0x00000000d5980000)
  from space 512K, 43% used [0x00000000d5a00000,0x00000000d5a38000,0x00000000d5a80000)
  to   space 512K, 0% used [0x00000000d5a80000,0x00000000d5a80000,0x00000000d5b00000)
 ParOldGen       total 953856K, used 380660K [0x0000000080000000, 0x00000000ba380000, 0x00000000d5580000)
  object space 953856K, 39% used [0x0000000080000000,0x00000000973bd000,0x00000000ba380000)
 Metaspace       used 96037K, committed 98048K, reserved 1179648K
  class space    used 9953K, committed 10816K, reserved 1048576K
}
Event: 87468.698 GC heap before
{Heap before GC invocations=3737 (full 5):
 PSYoungGen      total 4608K, used 4320K [0x00000000d5580000, 0x00000000d5b00000, 0x0000000100000000)
  eden space 4096K, 100% used [0x00000000d5580000,0x00000000d5980000,0x00000000d5980000)
  from space 512K, 43% used [0x00000000d5a00000,0x00000000d5a38000,0x00000000d5a80000)
  to   space 512K, 0% used [0x00000000d5a80000,0x00000000d5a80000,0x00000000d5b00000)
 ParOldGen       total 953856K, used 380660K [0x0000000080000000, 0x00000000ba380000, 0x00000000d5580000)
  object space 953856K, 39% used [0x0000000080000000,0x00000000973bd000,0x00000000ba380000)
 Metaspace       used 96039K, committed 98048K, reserved 1179648K
  class space    used 9953K, committed 10816K, reserved 1048576K
}
Event: 87468.702 GC heap after
{Heap after GC invocations=3737 (full 5):
 PSYoungGen      total 4608K, used 192K [0x00000000d5580000, 0x00000000d5b00000, 0x0000000100000000)
  eden space 4096K, 0% used [0x00000000d5580000,0x00000000d5580000,0x00000000d5980000)
  from space 512K, 37% used [0x00000000d5a80000,0x00000000d5ab0000,0x00000000d5b00000)
  to   space 512K, 0% used [0x00000000d5a00000,0x00000000d5a00000,0x00000000d5a80000)
 ParOldGen       total 953856K, used 380692K [0x0000000080000000, 0x00000000ba380000, 0x00000000d5580000)
  object space 953856K, 39% used [0x0000000080000000,0x00000000973c5000,0x00000000ba380000)
 Metaspace       used 96039K, committed 98048K, reserved 1179648K
  class space    used 9953K, committed 10816K, reserved 1048576K
}
Event: 87473.303 GC heap before
{Heap before GC invocations=3738 (full 5):
 PSYoungGen      total 4608K, used 4287K [0x00000000d5580000, 0x00000000d5b00000, 0x0000000100000000)
  eden space 4096K, 99% used [0x00000000d5580000,0x00000000d597ffe0,0x00000000d5980000)
  from space 512K, 37% used [0x00000000d5a80000,0x00000000d5ab0000,0x00000000d5b00000)
  to   space 512K, 0% used [0x00000000d5a00000,0x00000000d5a00000,0x00000000d5a80000)
 ParOldGen       total 953856K, used 380692K [0x0000000080000000, 0x00000000ba380000, 0x00000000d5580000)
  object space 953856K, 39% used [0x0000000080000000,0x00000000973c5000,0x00000000ba380000)
 Metaspace       used 96053K, committed 98048K, reserved 1179648K
  class space    used 9953K, committed 10816K, reserved 1048576K
}
Event: 87473.306 GC heap after
{Heap after GC invocations=3738 (full 5):
 PSYoungGen      total 4608K, used 224K [0x00000000d5580000, 0x00000000d5b00000, 0x0000000100000000)
  eden space 4096K, 0% used [0x00000000d5580000,0x00000000d5580000,0x00000000d5980000)
  from space 512K, 43% used [0x00000000d5a00000,0x00000000d5a38000,0x00000000d5a80000)
  to   space 512K, 0% used [0x00000000d5a80000,0x00000000d5a80000,0x00000000d5b00000)
 ParOldGen       total 953856K, used 380716K [0x0000000080000000, 0x00000000ba380000, 0x00000000d5580000)
  object space 953856K, 39% used [0x0000000080000000,0x00000000973cb000,0x00000000ba380000)
 Metaspace       used 96053K, committed 98048K, reserved 1179648K
  class space    used 9953K, committed 10816K, reserved 1048576K
}
Event: 87728.349 GC heap before
{Heap before GC invocations=3739 (full 5):
 PSYoungGen      total 4608K, used 4320K [0x00000000d5580000, 0x00000000d5b00000, 0x0000000100000000)
  eden space 4096K, 100% used [0x00000000d5580000,0x00000000d5980000,0x00000000d5980000)
  from space 512K, 43% used [0x00000000d5a00000,0x00000000d5a38000,0x00000000d5a80000)
  to   space 512K, 0% used [0x00000000d5a80000,0x00000000d5a80000,0x00000000d5b00000)
 ParOldGen       total 953856K, used 380716K [0x0000000080000000, 0x00000000ba380000, 0x00000000d5580000)
  object space 953856K, 39% used [0x0000000080000000,0x00000000973cb000,0x00000000ba380000)
 Metaspace       used 96056K, committed 98048K, reserved 1179648K
  class space    used 9953K, committed 10816K, reserved 1048576K
}
Event: 87728.355 GC heap after
{Heap after GC invocations=3739 (full 5):
 PSYoungGen      total 4608K, used 160K [0x00000000d5580000, 0x00000000d5b00000, 0x0000000100000000)
  eden space 4096K, 0% used [0x00000000d5580000,0x00000000d5580000,0x00000000d5980000)
  from space 512K, 31% used [0x00000000d5a80000,0x00000000d5aa8000,0x00000000d5b00000)
  to   space 512K, 0% used [0x00000000d5a00000,0x00000000d5a00000,0x00000000d5a80000)
 ParOldGen       total 953856K, used 380796K [0x0000000080000000, 0x00000000ba380000, 0x00000000d5580000)
  object space 953856K, 39% used [0x0000000080000000,0x00000000973df000,0x00000000ba380000)
 Metaspace       used 96056K, committed 98048K, reserved 1179648K
  class space    used 9953K, committed 10816K, reserved 1048576K
}

